<?xml version="1.0" encoding="UTF-8"?>
<testsuite xmlns:xsi="http://www.w3.org/2001/XMLSchema-instance" xsi:noNamespaceSchemaLocation="https://maven.apache.org/surefire/maven-surefire-plugin/xsd/surefire-test-report.xsd" name="resources.UnitTests.TransactionsTest" time="0.232" tests="3" errors="0" skipped="0" failures="0">
  <properties>
[...]
</properties>
  <testcase name="DebitTest1" classname="resources.UnitTests.TransactionsTest" time="0.035"/>
  <testcase name="DebitTest2" classname="resources.UnitTests.TransactionsTest" time="0"/>
  <testcase name="CreditTest" classname="resources.UnitTests.TransactionsTest" time="0.006"/>
</testsuite>